# JRE version: OpenJDK Runtime Environment (11.0.9.1+1) (build 11.0.9.1+1-post-Debian-1deb10u2)
# Java VM: OpenJDK 64-Bit Server VM (11.0.9.1+1-post-Debian-1deb10u2, mixed mode, sharing, tiered, compressed oops, parallel gc, linux-amd64)
Heap:
 PSYoungGen      total 68096K, used 8707K [0x00000000eab00000, 0x00000000f0800000, 0x0000000100000000)
  eden space 50688K, 0% used [0x00000000eab00000,0x00000000eab00000,0x00000000edc80000)
  from space 17408K, 50% used [0x00000000ef700000,0x00000000eff80fd0,0x00000000f0800000)
  to   space 20480K, 0% used [0x00000000ee000000,0x00000000ee000000,0x00000000ef400000)
 ParOldGen       total 276992K, used 276905K [0x00000000c0000000, 0x00000000d0e80000, 0x00000000eab00000)
  object space 276992K, 99% used [0x00000000c0000000,0x00000000d0e6a400,0x00000000d0e80000)
 Metaspace       used 53628K, capacity 56664K, committed 57000K, reserved 1099776K
  class space    used 5515K, capacity 6544K, committed 6656K, reserved 1048576K
GC Heap History (20 events):
Event: 8.865 GC heap after
{Heap after GC invocations=54 (full 6):
 PSYoungGen      total 43008K, used 12776K [0x00000000eab00000, 0x00000000eef80000, 0x0000000100000000)
  eden space 30208K, 0% used [0x00000000eab00000,0x00000000eab00000,0x00000000ec880000)
  from space 12800K, 99% used [0x00000000ec880000,0x00000000ed4fa2c0,0x00000000ed500000)
  to   space 19456K, 0% used [0x00000000edc80000,0x00000000edc80000,0x00000000eef80000)
 ParOldGen       total 276992K, used 202011K [0x00000000c0000000, 0x00000000d0e80000, 0x00000000eab00000)
  object space 276992K, 72% used [0x00000000c0000000,0x00000000cc546e80,0x00000000d0e80000)
 Metaspace       used 53622K, capacity 56664K, committed 57000K, reserved 1099776K
  class space    used 5514K, capacity 6544K, committed 6656K, reserved 1048576K
}
Event: 8.955 GC heap before
{Heap before GC invocations=55 (full 6):
 PSYoungGen      total 43008K, used 42984K [0x00000000eab00000, 0x00000000eef80000, 0x0000000100000000)
  eden space 30208K, 100% used [0x00000000eab00000,0x00000000ec880000,0x00000000ec880000)
  from space 12800K, 99% used [0x00000000ec880000,0x00000000ed4fa2c0,0x00000000ed500000)
  to   space 19456K, 0% used [0x00000000edc80000,0x00000000edc80000,0x00000000eef80000)
 ParOldGen       total 276992K, used 202011K [0x00000000c0000000, 0x00000000d0e80000, 0x00000000eab00000)
  object space 276992K, 72% used [0x00000000c0000000,0x00000000cc546e80,0x00000000d0e80000)
 Metaspace       used 53622K, capacity 56664K, committed 57000K, reserved 1099776K
  class space    used 5514K, capacity 6544K, committed 6656K, reserved 1048576K
}
Event: 8.971 GC heap after
{Heap after GC invocations=55 (full 6):
 PSYoungGen      total 43008K, used 10225K [0x00000000eab00000, 0x00000000ee680000, 0x0000000100000000)
  eden space 32768K, 0% used [0x00000000eab00000,0x00000000eab00000,0x00000000ecb00000)
  from space 10240K, 99% used [0x00000000edc80000,0x00000000ee67c400,0x00000000ee680000)
  to   space 13312K, 0% used [0x00000000ecc80000,0x00000000ecc80000,0x00000000ed980000)
 ParOldGen       total 276992K, used 211278K [0x00000000c0000000, 0x00000000d0e80000, 0x00000000eab00000)
  object space 276992K, 76% used [0x00000000c0000000,0x00000000cce53a60,0x00000000d0e80000)
 Metaspace       used 53622K, capacity 56664K, committed 57000K, reserved 1099776K
  class space    used 5514K, capacity 6544K, committed 6656K, reserved 1048576K
}
Event: 9.054 GC heap before
{Heap before GC invocations=56 (full 6):
 PSYoungGen      total 43008K, used 42993K [0x00000000eab00000, 0x00000000ee680000, 0x0000000100000000)
  eden space 32768K, 100% used [0x00000000eab00000,0x00000000ecb00000,0x00000000ecb00000)
  from space 10240K, 99% used [0x00000000edc80000,0x00000000ee67c400,0x00000000ee680000)
  to   space 13312K, 0% used [0x00000000ecc80000,0x00000000ecc80000,0x00000000ed980000)
 ParOldGen       total 276992K, used 211278K [0x00000000c0000000, 0x00000000d0e80000, 0x00000000eab00000)
  object space 276992K, 76% used [0x00000000c0000000,0x00000000cce53a60,0x00000000d0e80000)
 Metaspace       used 53622K, capacity 56664K, committed 57000K, reserved 1099776K
  class space    used 5514K, capacity 6544K, committed 6656K, reserved 1048576K
}
Event: 9.062 GC heap after
{Heap after GC invocations=56 (full 6):
 PSYoungGen      total 47616K, used 13281K [0x00000000eab00000, 0x00000000ef380000, 0x0000000100000000)
  eden space 34304K, 0% used [0x00000000eab00000,0x00000000eab00000,0x00000000ecc80000)
  from space 13312K, 99% used [0x00000000ecc80000,0x00000000ed9784e0,0x00000000ed980000)
  to   space 19456K, 0% used [0x00000000ee080000,0x00000000ee080000,0x00000000ef380000)
 ParOldGen       total 276992K, used 215670K [0x00000000c0000000, 0x00000000d0e80000, 0x00000000eab00000)
  object space 276992K, 77% used [0x00000000c0000000,0x00000000cd29d8a0,0x00000000d0e80000)
 Metaspace       used 53622K, capacity 56664K, committed 57000K, reserved 1099776K
  class space    used 5514K, capacity 6544K, committed 6656K, reserved 1048576K
}
Event: 9.152 GC heap before
{Heap before GC invocations=57 (full 6):
 PSYoungGen      total 47616K, used 47585K [0x00000000eab00000, 0x00000000ef380000, 0x0000000100000000)
  eden space 34304K, 100% used [0x00000000eab00000,0x00000000ecc80000,0x00000000ecc80000)
  from space 13312K, 99% used [0x00000000ecc80000,0x00000000ed9784e0,0x00000000ed980000)
  to   space 19456K, 0% used [0x00000000ee080000,0x00000000ee080000,0x00000000ef380000)
 ParOldGen       total 276992K, used 215670K [0x00000000c0000000, 0x00000000d0e80000, 0x00000000eab00000)
  object space 276992K, 77% used [0x00000000c0000000,0x00000000cd29d8a0,0x00000000d0e80000)
 Metaspace       used 53623K, capacity 56664K, committed 57000K, reserved 1099776K
  class space    used 5514K, capacity 6544K, committed 6656K, reserved 1048576K
}
Event: 9.161 GC heap after
{Heap after GC invocations=57 (full 6):
 PSYoungGen      total 50176K, used 12811K [0x00000000eab00000, 0x00000000eed80000, 0x0000000100000000)
  eden space 36864K, 0% used [0x00000000eab00000,0x00000000eab00000,0x00000000ecf00000)
  from space 13312K, 96% used [0x00000000ee080000,0x00000000eed02e80,0x00000000eed80000)
  to   space 14848K, 0% used [0x00000000ed080000,0x00000000ed080000,0x00000000edf00000)
 ParOldGen       total 276992K, used 223830K [0x00000000c0000000, 0x00000000d0e80000, 0x00000000eab00000)
  object space 276992K, 80% used [0x00000000c0000000,0x00000000cda959e8,0x00000000d0e80000)
 Metaspace       used 53623K, capacity 56664K, committed 57000K, reserved 1099776K
  class space    used 5514K, capacity 6544K, committed 6656K, reserved 1048576K
}
Event: 9.252 GC heap before
{Heap before GC invocations=58 (full 6):
 PSYoungGen      total 50176K, used 49675K [0x00000000eab00000, 0x00000000eed80000, 0x0000000100000000)
  eden space 36864K, 100% used [0x00000000eab00000,0x00000000ecf00000,0x00000000ecf00000)
  from space 13312K, 96% used [0x00000000ee080000,0x00000000eed02e80,0x00000000eed80000)
  to   space 14848K, 0% used [0x00000000ed080000,0x00000000ed080000,0x00000000edf00000)
 ParOldGen       total 276992K, used 223830K [0x00000000c0000000, 0x00000000d0e80000, 0x00000000eab00000)
  object space 276992K, 80% used [0x00000000c0000000,0x00000000cda959e8,0x00000000d0e80000)
 Metaspace       used 53623K, capacity 56664K, committed 57000K, reserved 1099776K
  class space    used 5514K, capacity 6544K, committed 6656K, reserved 1048576K
}
Event: 9.263 GC heap after
{Heap after GC invocations=58 (full 6):
 PSYoungGen      total 53248K, used 14832K [0x00000000eab00000, 0x00000000efd80000, 0x0000000100000000)
  eden space 38400K, 0% used [0x00000000eab00000,0x00000000eab00000,0x00000000ed080000)
  from space 14848K, 99% used [0x00000000ed080000,0x00000000edefc340,0x00000000edf00000)
  to   space 22528K, 0% used [0x00000000ee780000,0x00000000ee780000,0x00000000efd80000)
 ParOldGen       total 276992K, used 229856K [0x00000000c0000000, 0x00000000d0e80000, 0x00000000eab00000)
  object space 276992K, 82% used [0x00000000c0000000,0x00000000ce078198,0x00000000d0e80000)
 Metaspace       used 53623K, capacity 56664K, committed 57000K, reserved 1099776K
  class space    used 5514K, capacity 6544K, committed 6656K, reserved 1048576K
}
Event: 9.357 GC heap before
{Heap before GC invocations=59 (full 6):
 PSYoungGen      total 53248K, used 53232K [0x00000000eab00000, 0x00000000efd80000, 0x0000000100000000)
  eden space 38400K, 100% used [0x00000000eab00000,0x00000000ed080000,0x00000000ed080000)
  from space 14848K, 99% used [0x00000000ed080000,0x00000000edefc340,0x00000000edf00000)
  to   space 22528K, 0% used [0x00000000ee780000,0x00000000ee780000,0x00000000efd80000)
 ParOldGen       total 276992K, used 229856K [0x00000000c0000000, 0x00000000d0e80000, 0x00000000eab00000)
  object space 276992K, 82% used [0x00000000c0000000,0x00000000ce078198,0x00000000d0e80000)
 Metaspace       used 53623K, capacity 56664K, committed 57000K, reserved 1099776K
  class space    used 5514K, capacity 6544K, committed 6656K, reserved 1048576K
}
Event: 9.367 GC heap after
{Heap after GC invocations=59 (full 6):
 PSYoungGen      total 55296K, used 13827K [0x00000000eab00000, 0x00000000ef580000, 0x0000000100000000)
  eden space 40960K, 0% used [0x00000000eab00000,0x00000000eab00000,0x00000000ed300000)
  from space 14336K, 96% used [0x00000000ee780000,0x00000000ef500f10,0x00000000ef580000)
  to   space 16384K, 0% used [0x00000000ed580000,0x00000000ed580000,0x00000000ee580000)
 ParOldGen       total 276992K, used 239484K [0x00000000c0000000, 0x00000000d0e80000, 0x00000000eab00000)
  object space 276992K, 86% used [0x00000000c0000000,0x00000000ce9df038,0x00000000d0e80000)
 Metaspace       used 53623K, capacity 56664K, committed 57000K, reserved 1099776K
  class space    used 5514K, capacity 6544K, committed 6656K, reserved 1048576K
}
Event: 9.465 GC heap before
{Heap before GC invocations=60 (full 6):
 PSYoungGen      total 55296K, used 54787K [0x00000000eab00000, 0x00000000ef580000, 0x0000000100000000)
  eden space 40960K, 100% used [0x00000000eab00000,0x00000000ed300000,0x00000000ed300000)
  from space 14336K, 96% used [0x00000000ee780000,0x00000000ef500f10,0x00000000ef580000)
  to   space 16384K, 0% used [0x00000000ed580000,0x00000000ed580000,0x00000000ee580000)
 ParOldGen       total 276992K, used 239484K [0x00000000c0000000, 0x00000000d0e80000, 0x00000000eab00000)
  object space 276992K, 86% used [0x00000000c0000000,0x00000000ce9df038,0x00000000d0e80000)
 Metaspace       used 53628K, capacity 56664K, committed 57000K, reserved 1099776K
  class space    used 5515K, capacity 6544K, committed 6656K, reserved 1048576K
}
Event: 9.475 GC heap after
{Heap after GC invocations=60 (full 6):
 PSYoungGen      total 59904K, used 16383K [0x00000000eab00000, 0x00000000f0600000, 0x0000000100000000)
  eden space 43520K, 0% used [0x00000000eab00000,0x00000000eab00000,0x00000000ed580000)
  from space 16384K, 99% used [0x00000000ed580000,0x00000000ee57fe60,0x00000000ee580000)
  to   space 24576K, 0% used [0x00000000eee00000,0x00000000eee00000,0x00000000f0600000)
 ParOldGen       total 276992K, used 246040K [0x00000000c0000000, 0x00000000d0e80000, 0x00000000eab00000)
  object space 276992K, 88% used [0x00000000c0000000,0x00000000cf046278,0x00000000d0e80000)
 Metaspace       used 53628K, capacity 56664K, committed 57000K, reserved 1099776K
  class space    used 5515K, capacity 6544K, committed 6656K, reserved 1048576K
}
Event: 9.572 GC heap before
{Heap before GC invocations=61 (full 6):
 PSYoungGen      total 59904K, used 59903K [0x00000000eab00000, 0x00000000f0600000, 0x0000000100000000)
  eden space 43520K, 100% used [0x00000000eab00000,0x00000000ed580000,0x00000000ed580000)
  from space 16384K, 99% used [0x00000000ed580000,0x00000000ee57fe60,0x00000000ee580000)
  to   space 24576K, 0% used [0x00000000eee00000,0x00000000eee00000,0x00000000f0600000)
 ParOldGen       total 276992K, used 246040K [0x00000000c0000000, 0x00000000d0e80000, 0x00000000eab00000)
  object space 276992K, 88% used [0x00000000c0000000,0x00000000cf046278,0x00000000d0e80000)
 Metaspace       used 53628K, capacity 56664K, committed 57000K, reserved 1099776K
  class space    used 5515K, capacity 6544K, committed 6656K, reserved 1048576K
}
Event: 9.589 GC heap after
{Heap after GC invocations=61 (full 6):
 PSYoungGen      total 62976K, used 15975K [0x00000000eab00000, 0x00000000efe00000, 0x0000000100000000)
  eden space 46592K, 0% used [0x00000000eab00000,0x00000000eab00000,0x00000000ed880000)
  from space 16384K, 97% used [0x00000000eee00000,0x00000000efd99f78,0x00000000efe00000)
  to   space 18944K, 0% used [0x00000000ed900000,0x00000000ed900000,0x00000000eeb80000)
 ParOldGen       total 276992K, used 255988K [0x00000000c0000000, 0x00000000d0e80000, 0x00000000eab00000)
  object space 276992K, 92% used [0x00000000c0000000,0x00000000cf9fd358,0x00000000d0e80000)
 Metaspace       used 53628K, capacity 56664K, committed 57000K, reserved 1099776K
  class space    used 5515K, capacity 6544K, committed 6656K, reserved 1048576K
}
Event: 9.689 GC heap before
{Heap before GC invocations=62 (full 6):
 PSYoungGen      total 62976K, used 62567K [0x00000000eab00000, 0x00000000efe00000, 0x0000000100000000)
  eden space 46592K, 100% used [0x00000000eab00000,0x00000000ed880000,0x00000000ed880000)
  from space 16384K, 97% used [0x00000000eee00000,0x00000000efd99f78,0x00000000efe00000)
  to   space 18944K, 0% used [0x00000000ed900000,0x00000000ed900000,0x00000000eeb80000)
 ParOldGen       total 276992K, used 255988K [0x00000000c0000000, 0x00000000d0e80000, 0x00000000eab00000)
  object space 276992K, 92% used [0x00000000c0000000,0x00000000cf9fd358,0x00000000d0e80000)
 Metaspace       used 53628K, capacity 56664K, committed 57000K, reserved 1099776K
  class space    used 5515K, capacity 6544K, committed 6656K, reserved 1048576K
}
Event: 9.700 GC heap after
{Heap after GC invocations=62 (full 6):
 PSYoungGen      total 66048K, used 18920K [0x00000000eab00000, 0x00000000f1200000, 0x0000000100000000)
  eden space 47104K, 0% used [0x00000000eab00000,0x00000000eab00000,0x00000000ed900000)
  from space 18944K, 99% used [0x00000000ed900000,0x00000000eeb7a358,0x00000000eeb80000)
  to   space 27648K, 0% used [0x00000000ef700000,0x00000000ef700000,0x00000000f1200000)
 ParOldGen       total 276992K, used 262942K [0x00000000c0000000, 0x00000000d0e80000, 0x00000000eab00000)
  object space 276992K, 94% used [0x00000000c0000000,0x00000000d00c7978,0x00000000d0e80000)
 Metaspace       used 53628K, capacity 56664K, committed 57000K, reserved 1099776K
  class space    used 5515K, capacity 6544K, committed 6656K, reserved 1048576K
}
Event: 9.819 GC heap before
{Heap before GC invocations=63 (full 6):
 PSYoungGen      total 66048K, used 66024K [0x00000000eab00000, 0x00000000f1200000, 0x0000000100000000)
  eden space 47104K, 100% used [0x00000000eab00000,0x00000000ed900000,0x00000000ed900000)
  from space 18944K, 99% used [0x00000000ed900000,0x00000000eeb7a358,0x00000000eeb80000)
  to   space 27648K, 0% used [0x00000000ef700000,0x00000000ef700000,0x00000000f1200000)
 ParOldGen       total 276992K, used 262942K [0x00000000c0000000, 0x00000000d0e80000, 0x00000000eab00000)
  object space 276992K, 94% used [0x00000000c0000000,0x00000000d00c7978,0x00000000d0e80000)
 Metaspace       used 53628K, capacity 56664K, committed 57000K, reserved 1099776K
  class space    used 5515K, capacity 6544K, committed 6656K, reserved 1048576K
}
Event: 9.836 GC heap after
{Heap after GC invocations=63 (full 6):
 PSYoungGen      total 68096K, used 16978K [0x00000000eab00000, 0x00000000f0800000, 0x0000000100000000)
  eden space 50688K, 0% used [0x00000000eab00000,0x00000000eab00000,0x00000000edc80000)
  from space 17408K, 97% used [0x00000000ef700000,0x00000000f0794970,0x00000000f0800000)
  to   space 20480K, 0% used [0x00000000ee000000,0x00000000ee000000,0x00000000ef400000)
 ParOldGen       total 276992K, used 275472K [0x00000000c0000000, 0x00000000d0e80000, 0x00000000eab00000)
  object space 276992K, 99% used [0x00000000c0000000,0x00000000d0d04020,0x00000000d0e80000)
 Metaspace       used 53628K, capacity 56664K, committed 57000K, reserved 1099776K
  class space    used 5515K, capacity 6544K, committed 6656K, reserved 1048576K
}
Event: 9.836 GC heap before
{Heap before GC invocations=64 (full 7):
 PSYoungGen      total 68096K, used 16978K [0x00000000eab00000, 0x00000000f0800000, 0x0000000100000000)
  eden space 50688K, 0% used [0x00000000eab00000,0x00000000eab00000,0x00000000edc80000)
  from space 17408K, 97% used [0x00000000ef700000,0x00000000f0794970,0x00000000f0800000)
  to   space 20480K, 0% used [0x00000000ee000000,0x00000000ee000000,0x00000000ef400000)
 ParOldGen       total 276992K, used 275472K [0x00000000c0000000, 0x00000000d0e80000, 0x00000000eab00000)
  object space 276992K, 99% used [0x00000000c0000000,0x00000000d0d04020,0x00000000d0e80000)
 Metaspace       used 53628K, capacity 56664K, committed 57000K, reserved 1099776K
  class space    used 5515K, capacity 6544K, committed 6656K, reserved 1048576K
}

