# JRE version: OpenJDK Runtime Environment (11.0.11+9) (build 11.0.11+9-post-Debian-1deb10u1)
# Java VM: OpenJDK 64-Bit Server VM (11.0.11+9-post-Debian-1deb10u1, mixed mode, sharing, tiered, compressed oops, parallel gc, linux-amd64)
Heap:
 PSYoungGen      total 21504K, used 0K [0x00000000eab00000, 0x00000000edc00000, 0x0000000100000000)
  eden space 2048K, 0% used [0x00000000eab00000,0x00000000eab00000,0x00000000ead00000)
  from space 19456K, 0% used [0x00000000ead00000,0x00000000ead00000,0x00000000ec000000)
  to   space 10240K, 0% used [0x00000000ec000000,0x00000000ec000000,0x00000000eca00000)
 ParOldGen       total 349696K, used 346546K [0x00000000c0000000, 0x00000000d5580000, 0x00000000eab00000)
  object space 349696K, 99% used [0x00000000c0000000,0x00000000d526c828,0x00000000d5580000)
 Metaspace       used 54927K, capacity 58239K, committed 58536K, reserved 1101824K
  class space    used 5729K, capacity 6795K, committed 6912K, reserved 1048576K
GC Heap History (20 events):
Event: 9.861 GC heap after
{Heap after GC invocations=98 (full 7):
 PSYoungGen      total 17920K, used 5984K [0x00000000eab00000, 0x00000000ec700000, 0x0000000100000000)
  eden space 11776K, 0% used [0x00000000eab00000,0x00000000eab00000,0x00000000eb680000)
  from space 6144K, 97% used [0x00000000eb680000,0x00000000ebc58018,0x00000000ebc80000)
  to   space 7680K, 0% used [0x00000000ebf80000,0x00000000ebf80000,0x00000000ec700000)
 ParOldGen       total 349696K, used 298667K [0x00000000c0000000, 0x00000000d5580000, 0x00000000eab00000)
  object space 349696K, 85% used [0x00000000c0000000,0x00000000d23aad10,0x00000000d5580000)
 Metaspace       used 54908K, capacity 58239K, committed 58536K, reserved 1101824K
  class space    used 5728K, capacity 6795K, committed 6912K, reserved 1048576K
}
Event: 9.880 GC heap before
{Heap before GC invocations=99 (full 7):
 PSYoungGen      total 17920K, used 17760K [0x00000000eab00000, 0x00000000ec700000, 0x0000000100000000)
  eden space 11776K, 100% used [0x00000000eab00000,0x00000000eb680000,0x00000000eb680000)
  from space 6144K, 97% used [0x00000000eb680000,0x00000000ebc58018,0x00000000ebc80000)
  to   space 7680K, 0% used [0x00000000ebf80000,0x00000000ebf80000,0x00000000ec700000)
 ParOldGen       total 349696K, used 298667K [0x00000000c0000000, 0x00000000d5580000, 0x00000000eab00000)
  object space 349696K, 85% used [0x00000000c0000000,0x00000000d23aad10,0x00000000d5580000)
 Metaspace       used 54908K, capacity 58239K, committed 58536K, reserved 1101824K
  class space    used 5728K, capacity 6795K, committed 6912K, reserved 1048576K
}
Event: 9.883 GC heap after
{Heap after GC invocations=99 (full 7):
 PSYoungGen      total 18432K, used 7660K [0x00000000eab00000, 0x00000000ecc00000, 0x0000000100000000)
  eden space 10752K, 0% used [0x00000000eab00000,0x00000000eab00000,0x00000000eb580000)
  from space 7680K, 99% used [0x00000000ebf80000,0x00000000ec6fb2d8,0x00000000ec700000)
  to   space 10240K, 0% used [0x00000000eb580000,0x00000000eb580000,0x00000000ebf80000)
 ParOldGen       total 349696K, used 300390K [0x00000000c0000000, 0x00000000d5580000, 0x00000000eab00000)
  object space 349696K, 85% used [0x00000000c0000000,0x00000000d2559970,0x00000000d5580000)
 Metaspace       used 54908K, capacity 58239K, committed 58536K, reserved 1101824K
  class space    used 5728K, capacity 6795K, committed 6912K, reserved 1048576K
}
Event: 9.900 GC heap before
{Heap before GC invocations=100 (full 7):
 PSYoungGen      total 18432K, used 18412K [0x00000000eab00000, 0x00000000ecc00000, 0x0000000100000000)
  eden space 10752K, 100% used [0x00000000eab00000,0x00000000eb580000,0x00000000eb580000)
  from space 7680K, 99% used [0x00000000ebf80000,0x00000000ec6fb2d8,0x00000000ec700000)
  to   space 10240K, 0% used [0x00000000eb580000,0x00000000eb580000,0x00000000ebf80000)
 ParOldGen       total 349696K, used 300390K [0x00000000c0000000, 0x00000000d5580000, 0x00000000eab00000)
  object space 349696K, 85% used [0x00000000c0000000,0x00000000d2559970,0x00000000d5580000)
 Metaspace       used 54908K, capacity 58239K, committed 58536K, reserved 1101824K
  class space    used 5728K, capacity 6795K, committed 6912K, reserved 1048576K
}
Event: 9.904 GC heap after
{Heap after GC invocations=100 (full 7):
 PSYoungGen      total 17920K, used 6768K [0x00000000eab00000, 0x00000000ec700000, 0x0000000100000000)
  eden space 10752K, 0% used [0x00000000eab00000,0x00000000eab00000,0x00000000eb580000)
  from space 7168K, 94% used [0x00000000eb580000,0x00000000ebc1c230,0x00000000ebc80000)
  to   space 8192K, 0% used [0x00000000ebf00000,0x00000000ebf00000,0x00000000ec700000)
 ParOldGen       total 349696K, used 305148K [0x00000000c0000000, 0x00000000d5580000, 0x00000000eab00000)
  object space 349696K, 87% used [0x00000000c0000000,0x00000000d29ff110,0x00000000d5580000)
 Metaspace       used 54908K, capacity 58239K, committed 58536K, reserved 1101824K
  class space    used 5728K, capacity 6795K, committed 6912K, reserved 1048576K
}
Event: 9.918 GC heap before
{Heap before GC invocations=101 (full 7):
 PSYoungGen      total 17920K, used 17520K [0x00000000eab00000, 0x00000000ec700000, 0x0000000100000000)
  eden space 10752K, 100% used [0x00000000eab00000,0x00000000eb580000,0x00000000eb580000)
  from space 7168K, 94% used [0x00000000eb580000,0x00000000ebc1c230,0x00000000ebc80000)
  to   space 8192K, 0% used [0x00000000ebf00000,0x00000000ebf00000,0x00000000ec700000)
 ParOldGen       total 349696K, used 305148K [0x00000000c0000000, 0x00000000d5580000, 0x00000000eab00000)
  object space 349696K, 87% used [0x00000000c0000000,0x00000000d29ff110,0x00000000d5580000)
 Metaspace       used 54908K, capacity 58239K, committed 58536K, reserved 1101824K
  class space    used 5728K, capacity 6795K, committed 6912K, reserved 1048576K
}
Event: 9.922 GC heap after
{Heap after GC invocations=101 (full 7):
 PSYoungGen      total 19968K, used 8029K [0x00000000eab00000, 0x00000000ec800000, 0x0000000100000000)
  eden space 11776K, 0% used [0x00000000eab00000,0x00000000eab00000,0x00000000eb680000)
  from space 8192K, 98% used [0x00000000ebf00000,0x00000000ec6d7540,0x00000000ec700000)
  to   space 8704K, 0% used [0x00000000eb680000,0x00000000eb680000,0x00000000ebf00000)
 ParOldGen       total 349696K, used 307932K [0x00000000c0000000, 0x00000000d5580000, 0x00000000eab00000)
  object space 349696K, 88% used [0x00000000c0000000,0x00000000d2cb7040,0x00000000d5580000)
 Metaspace       used 54908K, capacity 58239K, committed 58536K, reserved 1101824K
  class space    used 5728K, capacity 6795K, committed 6912K, reserved 1048576K
}
Event: 9.940 GC heap before
{Heap before GC invocations=102 (full 7):
 PSYoungGen      total 19968K, used 19805K [0x00000000eab00000, 0x00000000ec800000, 0x0000000100000000)
  eden space 11776K, 100% used [0x00000000eab00000,0x00000000eb680000,0x00000000eb680000)
  from space 8192K, 98% used [0x00000000ebf00000,0x00000000ec6d7540,0x00000000ec700000)
  to   space 8704K, 0% used [0x00000000eb680000,0x00000000eb680000,0x00000000ebf00000)
 ParOldGen       total 349696K, used 307932K [0x00000000c0000000, 0x00000000d5580000, 0x00000000eab00000)
  object space 349696K, 88% used [0x00000000c0000000,0x00000000d2cb7040,0x00000000d5580000)
 Metaspace       used 54908K, capacity 58239K, committed 58536K, reserved 1101824K
  class space    used 5728K, capacity 6795K, committed 6912K, reserved 1048576K
}
Event: 9.949 GC heap after
{Heap after GC invocations=102 (full 7):
 PSYoungGen      total 20480K, used 8686K [0x00000000eab00000, 0x00000000ed300000, 0x0000000100000000)
  eden space 11776K, 0% used [0x00000000eab00000,0x00000000eab00000,0x00000000eb680000)
  from space 8704K, 99% used [0x00000000eb680000,0x00000000ebefbb80,0x00000000ebf00000)
  to   space 13824K, 0% used [0x00000000ec580000,0x00000000ec580000,0x00000000ed300000)
 ParOldGen       total 349696K, used 311955K [0x00000000c0000000, 0x00000000d5580000, 0x00000000eab00000)
  object space 349696K, 89% used [0x00000000c0000000,0x00000000d30a4c98,0x00000000d5580000)
 Metaspace       used 54908K, capacity 58239K, committed 58536K, reserved 1101824K
  class space    used 5728K, capacity 6795K, committed 6912K, reserved 1048576K
}
Event: 9.969 GC heap before
{Heap before GC invocations=103 (full 7):
 PSYoungGen      total 20480K, used 20462K [0x00000000eab00000, 0x00000000ed300000, 0x0000000100000000)
  eden space 11776K, 100% used [0x00000000eab00000,0x00000000eb680000,0x00000000eb680000)
  from space 8704K, 99% used [0x00000000eb680000,0x00000000ebefbb80,0x00000000ebf00000)
  to   space 13824K, 0% used [0x00000000ec580000,0x00000000ec580000,0x00000000ed300000)
 ParOldGen       total 349696K, used 311955K [0x00000000c0000000, 0x00000000d5580000, 0x00000000eab00000)
  object space 349696K, 89% used [0x00000000c0000000,0x00000000d30a4c98,0x00000000d5580000)
 Metaspace       used 54908K, capacity 58239K, committed 58536K, reserved 1101824K
  class space    used 5728K, capacity 6795K, committed 6912K, reserved 1048576K
}
Event: 9.974 GC heap after
{Heap after GC invocations=103 (full 7):
 PSYoungGen      total 18432K, used 4778K [0x00000000eab00000, 0x00000000eca80000, 0x0000000100000000)
  eden space 13312K, 0% used [0x00000000eab00000,0x00000000eab00000,0x00000000eb800000)
  from space 5120K, 93% used [0x00000000ec580000,0x00000000eca2a928,0x00000000eca80000)
  to   space 7680K, 0% used [0x00000000ebb80000,0x00000000ebb80000,0x00000000ec300000)
 ParOldGen       total 349696K, used 320450K [0x00000000c0000000, 0x00000000d5580000, 0x00000000eab00000)
  object space 349696K, 91% used [0x00000000c0000000,0x00000000d38f08f8,0x00000000d5580000)
 Metaspace       used 54908K, capacity 58239K, committed 58536K, reserved 1101824K
  class space    used 5728K, capacity 6795K, committed 6912K, reserved 1048576K
}
Event: 10.009 GC heap before
{Heap before GC invocations=104 (full 7):
 PSYoungGen      total 18432K, used 17995K [0x00000000eab00000, 0x00000000eca80000, 0x0000000100000000)
  eden space 13312K, 99% used [0x00000000eab00000,0x00000000eb7e8318,0x00000000eb800000)
  from space 5120K, 93% used [0x00000000ec580000,0x00000000eca2a928,0x00000000eca80000)
  to   space 7680K, 0% used [0x00000000ebb80000,0x00000000ebb80000,0x00000000ec300000)
 ParOldGen       total 349696K, used 320450K [0x00000000c0000000, 0x00000000d5580000, 0x00000000eab00000)
  object space 349696K, 91% used [0x00000000c0000000,0x00000000d38f08f8,0x00000000d5580000)
 Metaspace       used 54909K, capacity 58239K, committed 58536K, reserved 1101824K
  class space    used 5728K, capacity 6795K, committed 6912K, reserved 1048576K
}
Event: 10.016 GC heap after
{Heap after GC invocations=104 (full 7):
 PSYoungGen      total 19456K, used 3826K [0x00000000eab00000, 0x00000000ec600000, 0x0000000100000000)
  eden space 15360K, 0% used [0x00000000eab00000,0x00000000eab00000,0x00000000eba00000)
  from space 4096K, 93% used [0x00000000ebb80000,0x00000000ebf3c918,0x00000000ebf80000)
  to   space 5120K, 0% used [0x00000000ec100000,0x00000000ec100000,0x00000000ec600000)
 ParOldGen       total 349696K, used 325148K [0x00000000c0000000, 0x00000000d5580000, 0x00000000eab00000)
  object space 349696K, 92% used [0x00000000c0000000,0x00000000d3d87310,0x00000000d5580000)
 Metaspace       used 54909K, capacity 58239K, committed 58536K, reserved 1101824K
  class space    used 5728K, capacity 6795K, committed 6912K, reserved 1048576K
}
Event: 10.202 GC heap before
{Heap before GC invocations=105 (full 7):
 PSYoungGen      total 19456K, used 19186K [0x00000000eab00000, 0x00000000ec600000, 0x0000000100000000)
  eden space 15360K, 100% used [0x00000000eab00000,0x00000000eba00000,0x00000000eba00000)
  from space 4096K, 93% used [0x00000000ebb80000,0x00000000ebf3c918,0x00000000ebf80000)
  to   space 5120K, 0% used [0x00000000ec100000,0x00000000ec100000,0x00000000ec600000)
 ParOldGen       total 349696K, used 325148K [0x00000000c0000000, 0x00000000d5580000, 0x00000000eab00000)
  object space 349696K, 92% used [0x00000000c0000000,0x00000000d3d87310,0x00000000d5580000)
 Metaspace       used 54927K, capacity 58239K, committed 58536K, reserved 1101824K
  class space    used 5729K, capacity 6795K, committed 6912K, reserved 1048576K
}
Event: 10.207 GC heap after
{Heap after GC invocations=105 (full 7):
 PSYoungGen      total 15360K, used 5113K [0x00000000eab00000, 0x00000000ed380000, 0x0000000100000000)
  eden space 10240K, 0% used [0x00000000eab00000,0x00000000eab00000,0x00000000eb500000)
  from space 5120K, 99% used [0x00000000ec100000,0x00000000ec5fe7e0,0x00000000ec600000)
  to   space 12288K, 0% used [0x00000000eb500000,0x00000000eb500000,0x00000000ec100000)
 ParOldGen       total 349696K, used 330777K [0x00000000c0000000, 0x00000000d5580000, 0x00000000eab00000)
  object space 349696K, 94% used [0x00000000c0000000,0x00000000d4306598,0x00000000d5580000)
 Metaspace       used 54927K, capacity 58239K, committed 58536K, reserved 1101824K
  class space    used 5729K, capacity 6795K, committed 6912K, reserved 1048576K
}
Event: 10.339 GC heap before
{Heap before GC invocations=106 (full 7):
 PSYoungGen      total 15360K, used 15353K [0x00000000eab00000, 0x00000000ed380000, 0x0000000100000000)
  eden space 10240K, 100% used [0x00000000eab00000,0x00000000eb500000,0x00000000eb500000)
  from space 5120K, 99% used [0x00000000ec100000,0x00000000ec5fe7e0,0x00000000ec600000)
  to   space 12288K, 0% used [0x00000000eb500000,0x00000000eb500000,0x00000000ec100000)
 ParOldGen       total 349696K, used 330777K [0x00000000c0000000, 0x00000000d5580000, 0x00000000eab00000)
  object space 349696K, 94% used [0x00000000c0000000,0x00000000d4306598,0x00000000d5580000)
 Metaspace       used 54927K, capacity 58239K, committed 58536K, reserved 1101824K
  class space    used 5729K, capacity 6795K, committed 6912K, reserved 1048576K
}
Event: 10.345 GC heap after
{Heap after GC invocations=106 (full 7):
 PSYoungGen      total 19968K, used 9519K [0x00000000eab00000, 0x00000000eca00000, 0x0000000100000000)
  eden space 10240K, 0% used [0x00000000eab00000,0x00000000eab00000,0x00000000eb500000)
  from space 9728K, 97% used [0x00000000eb500000,0x00000000ebe4bd18,0x00000000ebe80000)
  to   space 10240K, 0% used [0x00000000ec000000,0x00000000ec000000,0x00000000eca00000)
 ParOldGen       total 349696K, used 334333K [0x00000000c0000000, 0x00000000d5580000, 0x00000000eab00000)
  object space 349696K, 95% used [0x00000000c0000000,0x00000000d467f550,0x00000000d5580000)
 Metaspace       used 54927K, capacity 58239K, committed 58536K, reserved 1101824K
  class space    used 5729K, capacity 6795K, committed 6912K, reserved 1048576K
}
Event: 10.492 GC heap before
{Heap before GC invocations=107 (full 7):
 PSYoungGen      total 19968K, used 19759K [0x00000000eab00000, 0x00000000eca00000, 0x0000000100000000)
  eden space 10240K, 100% used [0x00000000eab00000,0x00000000eb500000,0x00000000eb500000)
  from space 9728K, 97% used [0x00000000eb500000,0x00000000ebe4bd18,0x00000000ebe80000)
  to   space 10240K, 0% used [0x00000000ec000000,0x00000000ec000000,0x00000000eca00000)
 ParOldGen       total 349696K, used 334333K [0x00000000c0000000, 0x00000000d5580000, 0x00000000eab00000)
  object space 349696K, 95% used [0x00000000c0000000,0x00000000d467f550,0x00000000d5580000)
 Metaspace       used 54927K, capacity 58239K, committed 58536K, reserved 1101824K
  class space    used 5729K, capacity 6795K, committed 6912K, reserved 1048576K
}
Event: 10.519 GC heap after
{Heap after GC invocations=107 (full 7):
 PSYoungGen      total 12288K, used 10230K [0x00000000eab00000, 0x00000000edc00000, 0x0000000100000000)
  eden space 2048K, 0% used [0x00000000eab00000,0x00000000eab00000,0x00000000ead00000)
  from space 10240K, 99% used [0x00000000ec000000,0x00000000ec9fd890,0x00000000eca00000)
  to   space 19456K, 0% used [0x00000000ead00000,0x00000000ead00000,0x00000000ec000000)
 ParOldGen       total 349696K, used 341971K [0x00000000c0000000, 0x00000000d5580000, 0x00000000eab00000)
  object space 349696K, 97% used [0x00000000c0000000,0x00000000d4df4f10,0x00000000d5580000)
 Metaspace       used 54927K, capacity 58239K, committed 58536K, reserved 1101824K
  class space    used 5729K, capacity 6795K, committed 6912K, reserved 1048576K
}
Event: 10.520 GC heap before
{Heap before GC invocations=108 (full 8):
 PSYoungGen      total 12288K, used 10230K [0x00000000eab00000, 0x00000000edc00000, 0x0000000100000000)
  eden space 2048K, 0% used [0x00000000eab00000,0x00000000eab00000,0x00000000ead00000)
  from space 10240K, 99% used [0x00000000ec000000,0x00000000ec9fd890,0x00000000eca00000)
  to   space 19456K, 0% used [0x00000000ead00000,0x00000000ead00000,0x00000000ec000000)
 ParOldGen       total 349696K, used 341971K [0x00000000c0000000, 0x00000000d5580000, 0x00000000eab00000)
  object space 349696K, 97% used [0x00000000c0000000,0x00000000d4df4f10,0x00000000d5580000)
 Metaspace       used 54927K, capacity 58239K, committed 58536K, reserved 1101824K
  class space    used 5729K, capacity 6795K, committed 6912K, reserved 1048576K
}

